<?xml version="1.0" encoding="UTF-8"?>
<testng-results ignored="0" total="1" passed="1" failed="0" skipped="0">
  <reporter-output>
  </reporter-output>
  <suite started-at="2023-09-18T19:58:20 IST" name="Default suite" finished-at="2023-09-18T19:58:44 IST" duration-ms="24190">
    <groups>
    </groups>
    <test started-at="2023-09-18T19:58:20 IST" name="Default test" finished-at="2023-09-18T19:58:44 IST" duration-ms="24190">
      <class name="HomePage.homePageTest">
        <test-method signature="validateProductList()[pri:0, instance:HomePage.homePageTest@55b7a4e0]" started-at="2023-09-18T19:58:20 IST" name="validateProductList" finished-at="2023-09-18T19:58:44 IST" duration-ms="24089" status="PASS">
          <reporter-output>
          </reporter-output>
        </test-method> <!-- validateProductList -->
      </class> <!-- HomePage.homePageTest -->
    </test> <!-- Default test -->
  </suite> <!-- Default suite -->
</testng-results>
