<?xml version="1.0" encoding="UTF-8"?>
<!-- Generated by org.testng.reporters.JUnitXMLReporter -->
<testsuite ignored="0" hostname="DESKTOP-5TCP881" failures="1" tests="2" name="Test" time="7.69" errors="0" timestamp="2023-09-16T19:47:55 IST">
  <testcase classname="LoginPage.loginPageTest" name="validateLoginPage" time="2.981"/>
  <testcase classname="HomePage.homePageTest" name="validateProductList" time="0.008">
    <failure type="java.lang.NullPointerException" message="Cannot invoke &amp;quot;org.openqa.selenium.WebDriver.getWindowHandle()&amp;quot; because &amp;quot;this.driver&amp;quot; is null">
      <![CDATA[java.lang.NullPointerException: Cannot invoke "org.openqa.selenium.WebDriver.getWindowHandle()" because "this.driver" is null
at HomePage.homePageTest.validateProductList(homePageTest.java:25)
at java.base/java.util.ArrayList.forEach(ArrayList.java:1511)
... Removed 27 stack frames]]>
    </failure>
  </testcase> <!-- validateProductList -->
</testsuite> <!-- Test -->
